<?xml version="1.0" encoding="UTF-8"?>
<testng-results ignored="0" total="2" passed="2" failed="0" skipped="0">
  <reporter-output>
  </reporter-output>
  <suite started-at="2020-05-25T07:51:11Z" name="alltests" finished-at="2020-05-25T07:54:02Z" duration-ms="171084">
    <groups>
    </groups>
    <test started-at="2020-05-25T07:51:11Z" name="all" finished-at="2020-05-25T07:54:02Z" duration-ms="171084">
      <class name="SettingsNavigationTest">
        <test-method is-config="true" signature="startBrowser()[pri:0, instance:SettingsNavigationTest@77a57272]" started-at="2020-05-25T07:52:37Z" name="startBrowser" finished-at="2020-05-25T07:54:00Z" duration-ms="83640" status="PASS">
          <reporter-output>
          </reporter-output>
        </test-method> <!-- startBrowser -->
        <test-method signature="testNavigateSettings()[pri:0, instance:SettingsNavigationTest@77a57272]" started-at="2020-05-25T07:54:00Z" name="testNavigateSettings" finished-at="2020-05-25T07:54:01Z" duration-ms="452" status="PASS">
          <reporter-output>
          </reporter-output>
        </test-method> <!-- testNavigateSettings -->
        <test-method is-config="true" signature="closeBrowser()[pri:0, instance:SettingsNavigationTest@77a57272]" started-at="2020-05-25T07:54:01Z" name="closeBrowser" finished-at="2020-05-25T07:54:02Z" duration-ms="1074" status="PASS">
          <reporter-output>
          </reporter-output>
        </test-method> <!-- closeBrowser -->
      </class> <!-- SettingsNavigationTest -->
      <class name="ChangeAccessoriesTest">
        <test-method is-config="true" signature="startBrowser()[pri:0, instance:ChangeAccessoriesTest@33b37288]" started-at="2020-05-25T07:51:11Z" name="startBrowser" finished-at="2020-05-25T07:52:35Z" duration-ms="84363" status="PASS">
          <reporter-output>
          </reporter-output>
        </test-method> <!-- startBrowser -->
        <test-method is-config="true" signature="initTestData()[pri:0, instance:ChangeAccessoriesTest@33b37288]" started-at="2020-05-25T07:52:35Z" name="initTestData" finished-at="2020-05-25T07:52:35Z" duration-ms="189" status="PASS">
          <reporter-output>
          </reporter-output>
        </test-method> <!-- initTestData -->
        <test-method signature="testChangeHandGear()[pri:0, instance:ChangeAccessoriesTest@33b37288]" started-at="2020-05-25T07:52:35Z" name="testChangeHandGear" finished-at="2020-05-25T07:52:36Z" duration-ms="277" status="PASS">
          <reporter-output>
          </reporter-output>
        </test-method> <!-- testChangeHandGear -->
        <test-method is-config="true" signature="closeBrowser()[pri:0, instance:ChangeAccessoriesTest@33b37288]" started-at="2020-05-25T07:52:36Z" name="closeBrowser" finished-at="2020-05-25T07:52:37Z" duration-ms="1078" status="PASS">
          <reporter-output>
          </reporter-output>
        </test-method> <!-- closeBrowser -->
      </class> <!-- ChangeAccessoriesTest -->
    </test> <!-- all -->
  </suite> <!-- alltests -->
</testng-results>
